<?xml version="1.0" encoding="UTF-8"?>
<!-- Generated by org.testng.reporters.JUnitReportReporter -->
<testsuite skipped="0" hostname="IND-L028" name="com.leafBot.testcases.AcmeTest_TestCase001" tests="1" failures="0" timestamp="08 Feb 2020 09:41:14 GMT" time="51.702" errors="0">
  <testcase name="AcmePageLogin" time="51.702" classname="com.leafBot.testcases.AcmeTest_TestCase001"/>
</testsuite> <!-- com.leafBot.testcases.AcmeTest_TestCase001 -->
