<?xml version="1.0" encoding="UTF-8"?>
<!-- Generated by org.testng.reporters.JUnitReportReporter -->
<testsuite skipped="0" hostname="IND-L028" name="com.leafBot.testcases.TC004_EditLead" tests="1" failures="0" timestamp="02 Feb 2020 06:35:19 GMT" time="40.681" errors="0">
  <testcase name="editLead" time="40.681" classname="com.leafBot.testcases.TC004_EditLead"/>
</testsuite> <!-- com.leafBot.testcases.TC004_EditLead -->
