<?xml version="1.0" encoding="UTF-8"?>
<!-- Generated by org.testng.reporters.JUnitReportReporter -->
<testsuite skipped="0" hostname="IND-L028" name="com.leafBot.testcases.TC003_CreateLead" tests="2" failures="0" timestamp="02 Feb 2020 06:35:19 GMT" time="66.019" errors="0">
  <testcase name="createLead" time="28.298" classname="com.leafBot.testcases.TC003_CreateLead"/>
  <testcase name="createLead" time="37.721" classname="com.leafBot.testcases.TC003_CreateLead"/>
</testsuite> <!-- com.leafBot.testcases.TC003_CreateLead -->
